This file contains any messages produced by compilers while
running configure, to aid debugging if configure makes a mistake.

It was created by fdk-aac configure 2.0.1, which was
generated by GNU Autoconf 2.69.  Invocation command line was

  $ /Users/patch/Work/ffmpeg/fdk-aac/configure --enable-static --enable-shared --disable-frontend --with-sysroot=/Users/patch/Work/ffmpeg/toolchains/sysroot --host=x86_64-linux-android --prefix=/Users/patch/Work/ffmpeg/libs/fdk-aac/x86_64

## --------- ##
## Platform. ##
## --------- ##

hostname = Mac-mini.local
uname -m = x86_64
uname -r = 19.6.0
uname -s = Darwin
uname -v = Darwin Kernel Version 19.6.0: Mon Aug 31 22:12:52 PDT 2020; root:xnu-6153.141.2~1/RELEASE_X86_64

/usr/bin/uname -p = i386
/bin/uname -X     = unknown

/bin/arch              = unknown
/usr/bin/arch -k       = unknown
/usr/convex/getsysinfo = unknown
/usr/bin/hostinfo      = Mach kernel version:
	 Darwin Kernel Version 19.6.0: Mon Aug 31 22:12:52 PDT 2020; root:xnu-6153.141.2~1/RELEASE_X86_64
Kernel configured for up to 6 processors.
6 processors are physically available.
6 processors are logically available.
Processor type: x86_64h (Intel x86-64h Haswell)
Processors active: 0 1 2 3 4 5
Primary memory available: 8.00 gigabytes
Default processor set: 296 tasks, 1575 threads, 6 processors
Load average: 4.86, Mach factor: 3.10
/bin/machine           = unknown
/usr/bin/oslevel       = unknown
/bin/universe          = unknown

PATH: /usr/local/bin
PATH: /usr/bin
PATH: /bin
PATH: /usr/sbin
PATH: /sbin
PATH: /Library/Apple/usr/bin


## ----------- ##
## Core tests. ##
## ----------- ##

configure:2321: checking for a BSD-compatible install
configure:2389: result: /usr/bin/install -c
configure:2400: checking whether build environment is sane
configure:2455: result: yes
configure:2514: checking for x86_64-linux-android-strip
configure:2541: result: /Users/patch/Work/ffmpeg/toolchains/bin/x86_64-linux-android-strip
configure:2606: checking for a thread-safe mkdir -p
configure:2645: result: /Users/patch/Work/ffmpeg/fdk-aac/./install-sh -c -d
configure:2652: checking for gawk
configure:2682: result: no
configure:2652: checking for mawk
configure:2682: result: no
configure:2652: checking for nawk
configure:2682: result: no
configure:2652: checking for awk
configure:2668: found /usr/bin/awk
configure:2679: result: awk
configure:2690: checking whether make sets $(MAKE)
configure:2712: result: yes
configure:2741: checking whether make supports nested variables
configure:2758: result: yes
configure:2847: checking whether UID '501' is supported by ustar format
configure:2850: result: yes
configure:2857: checking whether GID '20' is supported by ustar format
configure:2860: result: yes
configure:2868: checking how to create a ustar tar archive
configure:2879: tar --version
bsdtar 3.3.2 - libarchive 3.3.2 zlib/1.2.11 liblzma/5.0.5 bz2lib/1.0.6
configure:2882: $? = 0
configure:2922: tardir=conftest.dir && eval tar --format=ustar -chf - "$tardir" >conftest.tar
configure:2925: $? = 0
configure:2929: tar -xf - <conftest.tar
configure:2932: $? = 0
configure:2934: cat conftest.dir/file
GrepMe
configure:2937: $? = 0
configure:2950: result: gnutar
configure:3011: checking whether make supports nested variables
configure:3028: result: yes
configure:3065: checking for x86_64-linux-android-gcc
configure:3092: result: /Users/patch/Work/ffmpeg/toolchains/bin/x86_64-linux-android21-clang
configure:3361: checking for C compiler version
configure:3370: /Users/patch/Work/ffmpeg/toolchains/bin/x86_64-linux-android21-clang --version >&5
Android (5058415 based on r339409) clang version 8.0.2 (https://android.googlesource.com/toolchain/clang 40173bab62ec746213857d083c0e8b0abb568790) (https://android.googlesource.com/toolchain/llvm 7a6618d69e7e8111e1d49dc9e7813767c5ca756a) (based on LLVM 8.0.2svn)
Target: x86_64-unknown-linux-android21
Thread model: posix
InstalledDir: /Users/patch/Work/ffmpeg/toolchains/bin
configure:3381: $? = 0
configure:3370: /Users/patch/Work/ffmpeg/toolchains/bin/x86_64-linux-android21-clang -v >&5
Android (5058415 based on r339409) clang version 8.0.2 (https://android.googlesource.com/toolchain/clang 40173bab62ec746213857d083c0e8b0abb568790) (https://android.googlesource.com/toolchain/llvm 7a6618d69e7e8111e1d49dc9e7813767c5ca756a) (based on LLVM 8.0.2svn)
Target: x86_64-unknown-linux-android21
Thread model: posix
InstalledDir: /Users/patch/Work/ffmpeg/toolchains/bin
Found candidate GCC installation: /Users/patch/Work/ffmpeg/toolchains/bin/../lib/gcc/i686-linux-android/4.9.x
Found candidate GCC installation: /Users/patch/Work/ffmpeg/toolchains/bin/../lib/gcc/x86_64-linux-android/4.9.x
Selected GCC installation: /Users/patch/Work/ffmpeg/toolchains/bin/../lib/gcc/x86_64-linux-android/4.9.x
Candidate multilib: .;@m64
Selected multilib: .;@m64
clang80: warning: argument unused during compilation: '-fno-addrsig' [-Wunused-command-line-argument]
... rest of stderr output deleted ...
configure:3381: $? = 0
configure:3370: /Users/patch/Work/ffmpeg/toolchains/bin/x86_64-linux-android21-clang -V >&5
clang80: error: argument to '-V' is missing (expected 1 value)
clang80: error: no input files
configure:3381: $? = 1
configure:3370: /Users/patch/Work/ffmpeg/toolchains/bin/x86_64-linux-android21-clang -qversion >&5
clang80: error: unknown argument '-qversion', did you mean '--version'?
clang80: error: no input files
configure:3381: $? = 1
configure:3401: checking whether the C compiler works
configure:3423: /Users/patch/Work/ffmpeg/toolchains/bin/x86_64-linux-android21-clang  --sysroot=/Users/patch/Work/ffmpeg/toolchains/sysroot -I/Users/patch/Work/ffmpeg/toolchains/sysroot/usr/include -I/Users/patch/Work/ffmpeg/toolchains/include  --sysroot=/Users/patch/Work/ffmpeg/toolchains/sysroot -I/Users/patch/Work/ffmpeg/toolchains/sysroot/usr/include -I/Users/patch/Work/ffmpeg/toolchains/include  -L/Users/patch/Work/ffmpeg/toolchains/sysroot/usr/lib -L/Users/patch/Work/ffmpeg/toolchains/lib conftest.c  >&5
configure:3427: $? = 0
configure:3475: result: yes
configure:3478: checking for C compiler default output file name
configure:3480: result: a.out
configure:3486: checking for suffix of executables
configure:3493: /Users/patch/Work/ffmpeg/toolchains/bin/x86_64-linux-android21-clang -o conftest  --sysroot=/Users/patch/Work/ffmpeg/toolchains/sysroot -I/Users/patch/Work/ffmpeg/toolchains/sysroot/usr/include -I/Users/patch/Work/ffmpeg/toolchains/include  --sysroot=/Users/patch/Work/ffmpeg/toolchains/sysroot -I/Users/patch/Work/ffmpeg/toolchains/sysroot/usr/include -I/Users/patch/Work/ffmpeg/toolchains/include  -L/Users/patch/Work/ffmpeg/toolchains/sysroot/usr/lib -L/Users/patch/Work/ffmpeg/toolchains/lib conftest.c  >&5
configure:3497: $? = 0
configure:3519: result: 
configure:3541: checking whether we are cross compiling
configure:3549: /Users/patch/Work/ffmpeg/toolchains/bin/x86_64-linux-android21-clang -o conftest  --sysroot=/Users/patch/Work/ffmpeg/toolchains/sysroot -I/Users/patch/Work/ffmpeg/toolchains/sysroot/usr/include -I/Users/patch/Work/ffmpeg/toolchains/include  --sysroot=/Users/patch/Work/ffmpeg/toolchains/sysroot -I/Users/patch/Work/ffmpeg/toolchains/sysroot/usr/include -I/Users/patch/Work/ffmpeg/toolchains/include  -L/Users/patch/Work/ffmpeg/toolchains/sysroot/usr/lib -L/Users/patch/Work/ffmpeg/toolchains/lib conftest.c  >&5
configure:3553: $? = 0
configure:3560: ./conftest
/Users/patch/Work/ffmpeg/fdk-aac/configure: line 3562: ./conftest: cannot execute binary file
configure:3564: $? = 126
configure:3579: result: yes
configure:3584: checking for suffix of object files
configure:3606: /Users/patch/Work/ffmpeg/toolchains/bin/x86_64-linux-android21-clang -c  --sysroot=/Users/patch/Work/ffmpeg/toolchains/sysroot -I/Users/patch/Work/ffmpeg/toolchains/sysroot/usr/include -I/Users/patch/Work/ffmpeg/toolchains/include  --sysroot=/Users/patch/Work/ffmpeg/toolchains/sysroot -I/Users/patch/Work/ffmpeg/toolchains/sysroot/usr/include -I/Users/patch/Work/ffmpeg/toolchains/include conftest.c >&5
configure:3610: $? = 0
configure:3631: result: o
configure:3635: checking whether we are using the GNU C compiler
configure:3654: /Users/patch/Work/ffmpeg/toolchains/bin/x86_64-linux-android21-clang -c  --sysroot=/Users/patch/Work/ffmpeg/toolchains/sysroot -I/Users/patch/Work/ffmpeg/toolchains/sysroot/usr/include -I/Users/patch/Work/ffmpeg/toolchains/include  --sysroot=/Users/patch/Work/ffmpeg/toolchains/sysroot -I/Users/patch/Work/ffmpeg/toolchains/sysroot/usr/include -I/Users/patch/Work/ffmpeg/toolchains/include conftest.c >&5
configure:3654: $? = 0
configure:3663: result: yes
configure:3672: checking whether /Users/patch/Work/ffmpeg/toolchains/bin/x86_64-linux-android21-clang accepts -g
configure:3692: /Users/patch/Work/ffmpeg/toolchains/bin/x86_64-linux-android21-clang -c -g  --sysroot=/Users/patch/Work/ffmpeg/toolchains/sysroot -I/Users/patch/Work/ffmpeg/toolchains/sysroot/usr/include -I/Users/patch/Work/ffmpeg/toolchains/include conftest.c >&5
configure:3692: $? = 0
configure:3733: result: yes
configure:3750: checking for /Users/patch/Work/ffmpeg/toolchains/bin/x86_64-linux-android21-clang option to accept ISO C89
configure:3813: /Users/patch/Work/ffmpeg/toolchains/bin/x86_64-linux-android21-clang  -c  --sysroot=/Users/patch/Work/ffmpeg/toolchains/sysroot -I/Users/patch/Work/ffmpeg/toolchains/sysroot/usr/include -I/Users/patch/Work/ffmpeg/toolchains/include  --sysroot=/Users/patch/Work/ffmpeg/toolchains/sysroot -I/Users/patch/Work/ffmpeg/toolchains/sysroot/usr/include -I/Users/patch/Work/ffmpeg/toolchains/include conftest.c >&5
configure:3813: $? = 0
configure:3826: result: none needed
configure:3851: checking whether /Users/patch/Work/ffmpeg/toolchains/bin/x86_64-linux-android21-clang understands -c and -o together
configure:3873: /Users/patch/Work/ffmpeg/toolchains/bin/x86_64-linux-android21-clang -c conftest.c -o conftest2.o
configure:3876: $? = 0
configure:3873: /Users/patch/Work/ffmpeg/toolchains/bin/x86_64-linux-android21-clang -c conftest.c -o conftest2.o
configure:3876: $? = 0
configure:3888: result: yes
configure:3916: checking for style of include used by make
configure:3944: result: GNU
configure:3970: checking dependency style of /Users/patch/Work/ffmpeg/toolchains/bin/x86_64-linux-android21-clang
configure:4081: result: gcc3
configure:4208: checking for C++ compiler version
configure:4217: /Users/patch/Work/ffmpeg/toolchains/bin/x86_64-linux-android21-clang++ --version >&5
Android (5058415 based on r339409) clang version 8.0.2 (https://android.googlesource.com/toolchain/clang 40173bab62ec746213857d083c0e8b0abb568790) (https://android.googlesource.com/toolchain/llvm 7a6618d69e7e8111e1d49dc9e7813767c5ca756a) (based on LLVM 8.0.2svn)
Target: x86_64-unknown-linux-android21
Thread model: posix
InstalledDir: /Users/patch/Work/ffmpeg/toolchains/bin
configure:4228: $? = 0
configure:4217: /Users/patch/Work/ffmpeg/toolchains/bin/x86_64-linux-android21-clang++ -v >&5
Android (5058415 based on r339409) clang version 8.0.2 (https://android.googlesource.com/toolchain/clang 40173bab62ec746213857d083c0e8b0abb568790) (https://android.googlesource.com/toolchain/llvm 7a6618d69e7e8111e1d49dc9e7813767c5ca756a) (based on LLVM 8.0.2svn)
Target: x86_64-unknown-linux-android21
Thread model: posix
InstalledDir: /Users/patch/Work/ffmpeg/toolchains/bin
Found candidate GCC installation: /Users/patch/Work/ffmpeg/toolchains/bin/../lib/gcc/i686-linux-android/4.9.x
Found candidate GCC installation: /Users/patch/Work/ffmpeg/toolchains/bin/../lib/gcc/x86_64-linux-android/4.9.x
Selected GCC installation: /Users/patch/Work/ffmpeg/toolchains/bin/../lib/gcc/x86_64-linux-android/4.9.x
Candidate multilib: .;@m64
Selected multilib: .;@m64
clang80++: warning: argument unused during compilation: '-fno-addrsig' [-Wunused-command-line-argument]
... rest of stderr output deleted ...
configure:4228: $? = 0
configure:4217: /Users/patch/Work/ffmpeg/toolchains/bin/x86_64-linux-android21-clang++ -V >&5
clang80++: error: argument to '-V' is missing (expected 1 value)
clang80++: error: no input files
configure:4228: $? = 1
configure:4217: /Users/patch/Work/ffmpeg/toolchains/bin/x86_64-linux-android21-clang++ -qversion >&5
clang80++: error: unknown argument '-qversion', did you mean '--version'?
clang80++: error: no input files
configure:4228: $? = 1
configure:4232: checking whether we are using the GNU C++ compiler
configure:4251: /Users/patch/Work/ffmpeg/toolchains/bin/x86_64-linux-android21-clang++ -c   --sysroot=/Users/patch/Work/ffmpeg/toolchains/sysroot -I/Users/patch/Work/ffmpeg/toolchains/sysroot/usr/include -I/Users/patch/Work/ffmpeg/toolchains/include conftest.cpp >&5
configure:4251: $? = 0
configure:4260: result: yes
configure:4269: checking whether /Users/patch/Work/ffmpeg/toolchains/bin/x86_64-linux-android21-clang++ accepts -g
configure:4289: /Users/patch/Work/ffmpeg/toolchains/bin/x86_64-linux-android21-clang++ -c -g  --sysroot=/Users/patch/Work/ffmpeg/toolchains/sysroot -I/Users/patch/Work/ffmpeg/toolchains/sysroot/usr/include -I/Users/patch/Work/ffmpeg/toolchains/include conftest.cpp >&5
configure:4289: $? = 0
configure:4330: result: yes
configure:4355: checking dependency style of /Users/patch/Work/ffmpeg/toolchains/bin/x86_64-linux-android21-clang++
configure:4466: result: gcc3
configure:4510: checking build system type
configure:4524: result: x86_64-apple-darwin19.6.0
configure:4544: checking host system type
configure:4557: result: x86_64-pc-linux-android
configure:4598: checking how to print strings
configure:4625: result: printf
configure:4646: checking for a sed that does not truncate output
configure:4710: result: /usr/bin/sed
configure:4728: checking for grep that handles long lines and -e
configure:4786: result: /usr/bin/grep
configure:4791: checking for egrep
configure:4853: result: /usr/bin/grep -E
configure:4858: checking for fgrep
configure:4920: result: /usr/bin/grep -F
configure:4955: checking for ld used by /Users/patch/Work/ffmpeg/toolchains/bin/x86_64-linux-android21-clang
configure:5022: result: /Users/patch/Work/ffmpeg/toolchains/bin/x86_64-linux-android-ld
configure:5029: checking if the linker (/Users/patch/Work/ffmpeg/toolchains/bin/x86_64-linux-android-ld) is GNU ld
configure:5044: result: yes
configure:5056: checking for BSD- or MS-compatible name lister (nm)
configure:5110: result: /Users/patch/Work/ffmpeg/toolchains/bin/x86_64-linux-android-nm
configure:5240: checking the name lister (/Users/patch/Work/ffmpeg/toolchains/bin/x86_64-linux-android-nm) interface
configure:5247: /Users/patch/Work/ffmpeg/toolchains/bin/x86_64-linux-android21-clang -c  --sysroot=/Users/patch/Work/ffmpeg/toolchains/sysroot -I/Users/patch/Work/ffmpeg/toolchains/sysroot/usr/include -I/Users/patch/Work/ffmpeg/toolchains/include  --sysroot=/Users/patch/Work/ffmpeg/toolchains/sysroot -I/Users/patch/Work/ffmpeg/toolchains/sysroot/usr/include -I/Users/patch/Work/ffmpeg/toolchains/include conftest.c >&5
configure:5250: /Users/patch/Work/ffmpeg/toolchains/bin/x86_64-linux-android-nm "conftest.o"
configure:5253: output
0000000000000000 B some_variable
configure:5260: result: BSD nm
configure:5263: checking whether ln -s works
configure:5267: result: yes
configure:5275: checking the maximum length of command line arguments
configure:5406: result: 196608
configure:5454: checking how to convert x86_64-apple-darwin19.6.0 file names to x86_64-pc-linux-android format
configure:5494: result: func_convert_file_noop
configure:5501: checking how to convert x86_64-apple-darwin19.6.0 file names to toolchain format
configure:5521: result: func_convert_file_noop
configure:5528: checking for /Users/patch/Work/ffmpeg/toolchains/bin/x86_64-linux-android-ld option to reload object files
configure:5535: result: -r
configure:5569: checking for x86_64-linux-android-objdump
configure:5596: result: /Users/patch/Work/ffmpeg/toolchains/bin/x86_64-linux-android-objdump
configure:5668: checking how to recognize dependent libraries
configure:5868: result: pass_all
configure:5913: checking for x86_64-linux-android-dlltool
configure:5943: result: no
configure:5953: checking for dlltool
configure:5983: result: no
configure:6013: checking how to associate runtime and link libraries
configure:6040: result: printf %s\n
configure:6057: checking for x86_64-linux-android-ar
configure:6084: result: /Users/patch/Work/ffmpeg/toolchains/bin/x86_64-linux-android-ar
configure:6165: checking for archiver @FILE support
configure:6182: /Users/patch/Work/ffmpeg/toolchains/bin/x86_64-linux-android21-clang -c  --sysroot=/Users/patch/Work/ffmpeg/toolchains/sysroot -I/Users/patch/Work/ffmpeg/toolchains/sysroot/usr/include -I/Users/patch/Work/ffmpeg/toolchains/include  --sysroot=/Users/patch/Work/ffmpeg/toolchains/sysroot -I/Users/patch/Work/ffmpeg/toolchains/sysroot/usr/include -I/Users/patch/Work/ffmpeg/toolchains/include conftest.c >&5
configure:6182: $? = 0
configure:6185: /Users/patch/Work/ffmpeg/toolchains/bin/x86_64-linux-android-ar cru libconftest.a @conftest.lst >&5
configure:6188: $? = 0
configure:6193: /Users/patch/Work/ffmpeg/toolchains/bin/x86_64-linux-android-ar cru libconftest.a @conftest.lst >&5
/Users/patch/Work/ffmpeg/toolchains/bin/x86_64-linux-android-ar: conftest.o: No such file or directory
configure:6196: $? = 1
configure:6208: result: @
configure:6226: checking for x86_64-linux-android-strip
configure:6253: result: /Users/patch/Work/ffmpeg/toolchains/bin/x86_64-linux-android-strip
configure:6325: checking for x86_64-linux-android-ranlib
configure:6352: result: /Users/patch/Work/ffmpeg/toolchains/bin/x86_64-linux-android-ranlib
configure:6494: checking command to parse /Users/patch/Work/ffmpeg/toolchains/bin/x86_64-linux-android-nm output from /Users/patch/Work/ffmpeg/toolchains/bin/x86_64-linux-android21-clang object
configure:6647: /Users/patch/Work/ffmpeg/toolchains/bin/x86_64-linux-android21-clang -c  --sysroot=/Users/patch/Work/ffmpeg/toolchains/sysroot -I/Users/patch/Work/ffmpeg/toolchains/sysroot/usr/include -I/Users/patch/Work/ffmpeg/toolchains/include  --sysroot=/Users/patch/Work/ffmpeg/toolchains/sysroot -I/Users/patch/Work/ffmpeg/toolchains/sysroot/usr/include -I/Users/patch/Work/ffmpeg/toolchains/include conftest.c >&5
configure:6650: $? = 0
configure:6654: /Users/patch/Work/ffmpeg/toolchains/bin/x86_64-linux-android-nm conftest.o \| sed -n -e 's/^.*[ ]\([ABCDGIRSTW][ABCDGIRSTW]*\)[ ][ ]*\([_A-Za-z][_A-Za-z0-9]*\)$/\1 \2 \2/p' | sed '/ __gnu_lto/d' \> conftest.nm
configure:6657: $? = 0
configure:6723: /Users/patch/Work/ffmpeg/toolchains/bin/x86_64-linux-android21-clang -o conftest  --sysroot=/Users/patch/Work/ffmpeg/toolchains/sysroot -I/Users/patch/Work/ffmpeg/toolchains/sysroot/usr/include -I/Users/patch/Work/ffmpeg/toolchains/include  --sysroot=/Users/patch/Work/ffmpeg/toolchains/sysroot -I/Users/patch/Work/ffmpeg/toolchains/sysroot/usr/include -I/Users/patch/Work/ffmpeg/toolchains/include  -L/Users/patch/Work/ffmpeg/toolchains/sysroot/usr/lib -L/Users/patch/Work/ffmpeg/toolchains/lib conftest.c conftstm.o >&5
configure:6726: $? = 0
configure:6764: result: ok
configure:6811: checking for sysroot
configure:6841: result: /Users/patch/Work/ffmpeg/toolchains/sysroot
configure:6848: checking for a working dd
configure:6886: result: /bin/dd
configure:6890: checking how to truncate binary pipes
configure:6905: result: /bin/dd bs=4096 count=1
configure:7041: /Users/patch/Work/ffmpeg/toolchains/bin/x86_64-linux-android21-clang -c  --sysroot=/Users/patch/Work/ffmpeg/toolchains/sysroot -I/Users/patch/Work/ffmpeg/toolchains/sysroot/usr/include -I/Users/patch/Work/ffmpeg/toolchains/include  --sysroot=/Users/patch/Work/ffmpeg/toolchains/sysroot -I/Users/patch/Work/ffmpeg/toolchains/sysroot/usr/include -I/Users/patch/Work/ffmpeg/toolchains/include conftest.c >&5
configure:7044: $? = 0
configure:7194: checking for x86_64-linux-android-mt
configure:7224: result: no
configure:7234: checking for mt
configure:7264: result: no
configure:7284: checking if : is a manifest tool
configure:7290: : '-?'
configure:7298: result: no
configure:7975: checking how to run the C preprocessor
configure:8045: result: /Users/patch/Work/ffmpeg/toolchains/bin/x86_64-linux-android-cpp
configure:8065: /Users/patch/Work/ffmpeg/toolchains/bin/x86_64-linux-android-cpp  --sysroot=/Users/patch/Work/ffmpeg/toolchains/sysroot -I/Users/patch/Work/ffmpeg/toolchains/sysroot/usr/include -I/Users/patch/Work/ffmpeg/toolchains/include conftest.c
/Users/patch/Work/ffmpeg/fdk-aac/configure: line 1708: /Users/patch/Work/ffmpeg/toolchains/bin/x86_64-linux-android-cpp: No such file or directory
configure:8065: $? = 127
configure: failed program was:
| /* confdefs.h */
| #define PACKAGE_NAME "fdk-aac"
| #define PACKAGE_TARNAME "fdk-aac"
| #define PACKAGE_VERSION "2.0.1"
| #define PACKAGE_STRING "fdk-aac 2.0.1"
| #define PACKAGE_BUGREPORT "http://sourceforge.net/projects/opencore-amr/"
| #define PACKAGE_URL ""
| #define PACKAGE "fdk-aac"
| #define VERSION "2.0.1"
| /* end confdefs.h.  */
| #ifdef __STDC__
| # include <limits.h>
| #else
| # include <assert.h>
| #endif
| 		     Syntax error
configure:8065: /Users/patch/Work/ffmpeg/toolchains/bin/x86_64-linux-android-cpp  --sysroot=/Users/patch/Work/ffmpeg/toolchains/sysroot -I/Users/patch/Work/ffmpeg/toolchains/sysroot/usr/include -I/Users/patch/Work/ffmpeg/toolchains/include conftest.c
/Users/patch/Work/ffmpeg/fdk-aac/configure: line 1708: /Users/patch/Work/ffmpeg/toolchains/bin/x86_64-linux-android-cpp: No such file or directory
configure:8065: $? = 127
configure: failed program was:
| /* confdefs.h */
| #define PACKAGE_NAME "fdk-aac"
| #define PACKAGE_TARNAME "fdk-aac"
| #define PACKAGE_VERSION "2.0.1"
| #define PACKAGE_STRING "fdk-aac 2.0.1"
| #define PACKAGE_BUGREPORT "http://sourceforge.net/projects/opencore-amr/"
| #define PACKAGE_URL ""
| #define PACKAGE "fdk-aac"
| #define VERSION "2.0.1"
| /* end confdefs.h.  */
| #ifdef __STDC__
| # include <limits.h>
| #else
| # include <assert.h>
| #endif
| 		     Syntax error
configure:8095: error: in `/Users/patch/Work/ffmpeg':
configure:8097: error: C preprocessor "/Users/patch/Work/ffmpeg/toolchains/bin/x86_64-linux-android-cpp" fails sanity check
See `config.log' for more details

## ---------------- ##
## Cache variables. ##
## ---------------- ##

ac_cv_build=x86_64-apple-darwin19.6.0
ac_cv_c_compiler_gnu=yes
ac_cv_cxx_compiler_gnu=yes
ac_cv_env_CCC_set=
ac_cv_env_CCC_value=
ac_cv_env_CC_set=set
ac_cv_env_CC_value=/Users/patch/Work/ffmpeg/toolchains/bin/x86_64-linux-android21-clang
ac_cv_env_CFLAGS_set=set
ac_cv_env_CFLAGS_value=' --sysroot=/Users/patch/Work/ffmpeg/toolchains/sysroot -I/Users/patch/Work/ffmpeg/toolchains/sysroot/usr/include -I/Users/patch/Work/ffmpeg/toolchains/include'
ac_cv_env_CPPFLAGS_set=set
ac_cv_env_CPPFLAGS_value=' --sysroot=/Users/patch/Work/ffmpeg/toolchains/sysroot -I/Users/patch/Work/ffmpeg/toolchains/sysroot/usr/include -I/Users/patch/Work/ffmpeg/toolchains/include'
ac_cv_env_CPP_set=set
ac_cv_env_CPP_value=/Users/patch/Work/ffmpeg/toolchains/bin/x86_64-linux-android-cpp
ac_cv_env_CXXCPP_set=
ac_cv_env_CXXCPP_value=
ac_cv_env_CXXFLAGS_set=
ac_cv_env_CXXFLAGS_value=
ac_cv_env_CXX_set=set
ac_cv_env_CXX_value=/Users/patch/Work/ffmpeg/toolchains/bin/x86_64-linux-android21-clang++
ac_cv_env_LDFLAGS_set=set
ac_cv_env_LDFLAGS_value=' -L/Users/patch/Work/ffmpeg/toolchains/sysroot/usr/lib -L/Users/patch/Work/ffmpeg/toolchains/lib'
ac_cv_env_LIBS_set=
ac_cv_env_LIBS_value=
ac_cv_env_LT_SYS_LIBRARY_PATH_set=
ac_cv_env_LT_SYS_LIBRARY_PATH_value=
ac_cv_env_build_alias_set=
ac_cv_env_build_alias_value=
ac_cv_env_host_alias_set=set
ac_cv_env_host_alias_value=x86_64-linux-android
ac_cv_env_target_alias_set=
ac_cv_env_target_alias_value=
ac_cv_host=x86_64-pc-linux-android
ac_cv_objext=o
ac_cv_path_EGREP='/usr/bin/grep -E'
ac_cv_path_FGREP='/usr/bin/grep -F'
ac_cv_path_GREP=/usr/bin/grep
ac_cv_path_SED=/usr/bin/sed
ac_cv_path_install='/usr/bin/install -c'
ac_cv_path_lt_DD=/bin/dd
ac_cv_prog_AR=/Users/patch/Work/ffmpeg/toolchains/bin/x86_64-linux-android-ar
ac_cv_prog_AWK=awk
ac_cv_prog_CC=/Users/patch/Work/ffmpeg/toolchains/bin/x86_64-linux-android21-clang
ac_cv_prog_CPP=/Users/patch/Work/ffmpeg/toolchains/bin/x86_64-linux-android-cpp
ac_cv_prog_OBJDUMP=/Users/patch/Work/ffmpeg/toolchains/bin/x86_64-linux-android-objdump
ac_cv_prog_RANLIB=/Users/patch/Work/ffmpeg/toolchains/bin/x86_64-linux-android-ranlib
ac_cv_prog_STRIP=/Users/patch/Work/ffmpeg/toolchains/bin/x86_64-linux-android-strip
ac_cv_prog_cc_c89=
ac_cv_prog_cc_g=yes
ac_cv_prog_cxx_g=yes
ac_cv_prog_make_make_set=yes
am_cv_CC_dependencies_compiler_type=gcc3
am_cv_CXX_dependencies_compiler_type=gcc3
am_cv_make_support_nested_variables=yes
am_cv_prog_cc_c_o=yes
am_cv_prog_tar_ustar=gnutar
lt_cv_ar_at_file=@
lt_cv_deplibs_check_method=pass_all
lt_cv_file_magic_cmd='$MAGIC_CMD'
lt_cv_file_magic_test_file=
lt_cv_ld_reload_flag=-r
lt_cv_nm_interface='BSD nm'
lt_cv_path_LD=/Users/patch/Work/ffmpeg/toolchains/bin/x86_64-linux-android-ld
lt_cv_path_NM=/Users/patch/Work/ffmpeg/toolchains/bin/x86_64-linux-android-nm
lt_cv_path_mainfest_tool=no
lt_cv_prog_gnu_ld=yes
lt_cv_sharedlib_from_linklib_cmd='printf %s\n'
lt_cv_sys_global_symbol_pipe='sed -n -e '\''s/^.*[	 ]\([ABCDGIRSTW][ABCDGIRSTW]*\)[	 ][	 ]*\([_A-Za-z][_A-Za-z0-9]*\)$/\1 \2 \2/p'\'' | sed '\''/ __gnu_lto/d'\'''
lt_cv_sys_global_symbol_to_c_name_address='sed -n -e '\''s/^: \(.*\) .*$/  {"\1", (void *) 0},/p'\'' -e '\''s/^[ABCDGIRSTW][ABCDGIRSTW]* .* \(.*\)$/  {"\1", (void *) \&\1},/p'\'''
lt_cv_sys_global_symbol_to_c_name_address_lib_prefix='sed -n -e '\''s/^: \(.*\) .*$/  {"\1", (void *) 0},/p'\'' -e '\''s/^[ABCDGIRSTW][ABCDGIRSTW]* .* \(lib.*\)$/  {"\1", (void *) \&\1},/p'\'' -e '\''s/^[ABCDGIRSTW][ABCDGIRSTW]* .* \(.*\)$/  {"lib\1", (void *) \&\1},/p'\'''
lt_cv_sys_global_symbol_to_cdecl='sed -n -e '\''s/^T .* \(.*\)$/extern int \1();/p'\'' -e '\''s/^[ABCDGIRSTW][ABCDGIRSTW]* .* \(.*\)$/extern char \1;/p'\'''
lt_cv_sys_global_symbol_to_import=
lt_cv_sys_max_cmd_len=196608
lt_cv_to_host_file_cmd=func_convert_file_noop
lt_cv_to_tool_file_cmd=func_convert_file_noop
lt_cv_truncate_bin='/bin/dd bs=4096 count=1'

## ----------------- ##
## Output variables. ##
## ----------------- ##

ACLOCAL='${SHELL} /Users/patch/Work/ffmpeg/fdk-aac/missing aclocal-1.15'
AMDEPBACKSLASH='\'
AMDEP_FALSE='#'
AMDEP_TRUE=''
AMTAR='$${TAR-tar}'
AM_BACKSLASH='\'
AM_DEFAULT_V='$(AM_DEFAULT_VERBOSITY)'
AM_DEFAULT_VERBOSITY='0'
AM_V='$(V)'
AR='/Users/patch/Work/ffmpeg/toolchains/bin/x86_64-linux-android-ar'
AUTOCONF='${SHELL} /Users/patch/Work/ffmpeg/fdk-aac/missing autoconf'
AUTOHEADER='${SHELL} /Users/patch/Work/ffmpeg/fdk-aac/missing autoheader'
AUTOMAKE='${SHELL} /Users/patch/Work/ffmpeg/fdk-aac/missing automake-1.15'
AWK='awk'
CC='/Users/patch/Work/ffmpeg/toolchains/bin/x86_64-linux-android21-clang'
CCDEPMODE='depmode=gcc3'
CFLAGS=' --sysroot=/Users/patch/Work/ffmpeg/toolchains/sysroot -I/Users/patch/Work/ffmpeg/toolchains/sysroot/usr/include -I/Users/patch/Work/ffmpeg/toolchains/include'
CPP='/Users/patch/Work/ffmpeg/toolchains/bin/x86_64-linux-android-cpp'
CPPFLAGS=' --sysroot=/Users/patch/Work/ffmpeg/toolchains/sysroot -I/Users/patch/Work/ffmpeg/toolchains/sysroot/usr/include -I/Users/patch/Work/ffmpeg/toolchains/include'
CXX='/Users/patch/Work/ffmpeg/toolchains/bin/x86_64-linux-android21-clang++'
CXXCPP=''
CXXDEPMODE='depmode=gcc3'
CXXFLAGS='-g -O2'
CYGPATH_W='echo'
DEFS=''
DEPDIR='.deps'
DLLTOOL='false'
DSYMUTIL=''
DUMPBIN=''
ECHO_C='\c'
ECHO_N=''
ECHO_T=''
EGREP='/usr/bin/grep -E'
EXAMPLE_FALSE=''
EXAMPLE_TRUE='#'
EXEEXT=''
FDK_AAC_VERSION=''
FGREP='/usr/bin/grep -F'
GREP='/usr/bin/grep'
INSTALL_DATA='${INSTALL} -m 644'
INSTALL_PROGRAM='${INSTALL}'
INSTALL_SCRIPT='${INSTALL}'
INSTALL_STRIP_PROGRAM='$(install_sh) -c -s'
LD='/Users/patch/Work/ffmpeg/toolchains/bin/x86_64-linux-android-ld -m elf_x86_64'
LDFLAGS=' -L/Users/patch/Work/ffmpeg/toolchains/sysroot/usr/lib -L/Users/patch/Work/ffmpeg/toolchains/lib'
LIBOBJS=''
LIBS=''
LIBS_PRIVATE=''
LIBS_PUBLIC=''
LIBTOOL=''
LIPO=''
LN_S='ln -s'
LTLIBOBJS=''
LT_SYS_LIBRARY_PATH=''
MAKEINFO='${SHELL} /Users/patch/Work/ffmpeg/fdk-aac/missing makeinfo'
MANIFEST_TOOL=':'
MKDIR_P='/Users/patch/Work/ffmpeg/fdk-aac/./install-sh -c -d'
NM='/Users/patch/Work/ffmpeg/toolchains/bin/x86_64-linux-android-nm'
NMEDIT=''
OBJDUMP='/Users/patch/Work/ffmpeg/toolchains/bin/x86_64-linux-android-objdump'
OBJEXT='o'
OTOOL64=''
OTOOL=''
PACKAGE='fdk-aac'
PACKAGE_BUGREPORT='http://sourceforge.net/projects/opencore-amr/'
PACKAGE_NAME='fdk-aac'
PACKAGE_STRING='fdk-aac 2.0.1'
PACKAGE_TARNAME='fdk-aac'
PACKAGE_URL=''
PACKAGE_VERSION='2.0.1'
PATH_SEPARATOR=':'
RANLIB='/Users/patch/Work/ffmpeg/toolchains/bin/x86_64-linux-android-ranlib'
SED='/usr/bin/sed'
SET_MAKE=''
SHELL='/bin/sh'
STRIP='/Users/patch/Work/ffmpeg/toolchains/bin/x86_64-linux-android-strip'
VERSION='2.0.1'
ac_ct_AR=''
ac_ct_CC=''
ac_ct_CXX=''
ac_ct_DUMPBIN=''
am__EXEEXT_FALSE=''
am__EXEEXT_TRUE=''
am__fastdepCC_FALSE='#'
am__fastdepCC_TRUE=''
am__fastdepCXX_FALSE='#'
am__fastdepCXX_TRUE=''
am__include='include'
am__isrc=' -I$(srcdir)'
am__leading_dot='.'
am__nodep='_no'
am__quote=''
am__tar='tar --format=ustar -chf - "$$tardir"'
am__untar='tar -xf -'
bindir='${exec_prefix}/bin'
build='x86_64-apple-darwin19.6.0'
build_alias=''
build_cpu='x86_64'
build_os='darwin19.6.0'
build_vendor='apple'
datadir='${datarootdir}'
datarootdir='${prefix}/share'
docdir='${datarootdir}/doc/${PACKAGE_TARNAME}'
dvidir='${docdir}'
exec_prefix='NONE'
host='x86_64-pc-linux-android'
host_alias='x86_64-linux-android'
host_cpu='x86_64'
host_os='linux-android'
host_vendor='pc'
htmldir='${docdir}'
includedir='${prefix}/include'
infodir='${datarootdir}/info'
install_sh='${SHELL} /Users/patch/Work/ffmpeg/fdk-aac/install-sh'
libdir='${exec_prefix}/lib'
libexecdir='${exec_prefix}/libexec'
localedir='${datarootdir}/locale'
localstatedir='${prefix}/var'
mandir='${datarootdir}/man'
mkdir_p='$(MKDIR_P)'
oldincludedir='/usr/include'
pdfdir='${docdir}'
prefix='/Users/patch/Work/ffmpeg/libs/fdk-aac/x86_64'
program_transform_name='s,x,x,'
psdir='${docdir}'
runstatedir='${localstatedir}/run'
sbindir='${exec_prefix}/sbin'
sharedstatedir='${prefix}/com'
sysconfdir='${prefix}/etc'
target_alias=''

## ----------- ##
## confdefs.h. ##
## ----------- ##

/* confdefs.h */
#define PACKAGE_NAME "fdk-aac"
#define PACKAGE_TARNAME "fdk-aac"
#define PACKAGE_VERSION "2.0.1"
#define PACKAGE_STRING "fdk-aac 2.0.1"
#define PACKAGE_BUGREPORT "http://sourceforge.net/projects/opencore-amr/"
#define PACKAGE_URL ""
#define PACKAGE "fdk-aac"
#define VERSION "2.0.1"

configure: exit 1
